<?xml version="1.0" encoding="UTF-8" ?>
<testsuites>
  <testsuite errors="0" failures="0" hostname="travis-job-b1dcb276-a331-4af3-a425-17b11b4af873" id="0" name="MathTest" package="" skipped="0" tests="8" time="0.115" timestamp="2019-05-08T15:30:18">
      <properties>
[...]
</properties>

      <testcase classname="MathTest" name="testDiv1" time="0.001" />

      <testcase classname="MathTest" name="testDiv2" time="0.0" />

      <testcase classname="MathTest" name="testMul1" time="0.0" />

      <testcase classname="MathTest" name="testMul2" time="0.0" />

      <testcase classname="MathTest" name="testSub1" time="0.0" />

      <testcase classname="MathTest" name="testSub2" time="0.0" />

      <testcase classname="MathTest" name="testSum1" time="0.0" />

      <testcase classname="MathTest" name="testSum2" time="0.0" />

      <system-out />

      <system-err />

  </testsuite>
</testsuites>
